app/build/outputs/logs/manifest-merger-debug-report.txt
-- Merging decision tree log ---
manifest
ADDED from src/main/AndroidManifest.xml:2:1-256:12
	package
		ADDED from src/main/AndroidManifest.xml:3:5-37
		INJECTED from src/main/AndroidManifest.xml
		INJECTED from src/main/AndroidManifest.xml
	android:versionName
		ADDED from src/main/AndroidManifest.xml:5:5-30
		INJECTED from src/main/AndroidManifest.xml
		INJECTED from src/main/AndroidManifest.xml
	android:versionCode
		ADDED from src/main/AndroidManifest.xml:4:5-28
		INJECTED from src/main/AndroidManifest.xml
		INJECTED from src/main/AndroidManifest.xml
	xmlns:android
		ADDED from src/main/AndroidManifest.xml:2:11-69
uses-sdk
ADDED from src/main/AndroidManifest.xml:7:5-9:41
MERGED from [com.android.support:appcompat-v7:23.4.0] AndroidManifest.xml:21:5-23:78
MERGED from [com.android.support:animated-vector-drawable:23.4.0] AndroidManifest.xml:5:5-44
MERGED from [com.android.support:support-vector-drawable:23.4.0] AndroidManifest.xml:5:5-43
MERGED from [com.android.support:support-v4:23.4.0] AndroidManifest.xml:20:5-43
	tools:overrideLibrary
		ADDED from [com.android.support:appcompat-v7:23.4.0] AndroidManifest.xml:23:9-75
	android:targetSdkVersion
		ADDED from src/main/AndroidManifest.xml:9:9-38
		INJECTED from src/main/AndroidManifest.xml
		INJECTED from src/main/AndroidManifest.xml
	android:minSdkVersion
		ADDED from src/main/AndroidManifest.xml:8:9-35
		INJECTED from src/main/AndroidManifest.xml
		INJECTED from src/main/AndroidManifest.xml
uses-permission#android.permission.INTERNET
ADDED from src/main/AndroidManifest.xml:11:5-67
	android:name
		ADDED from src/main/AndroidManifest.xml:11:22-64
uses-permission#android.permission.WRITE_EXTERNAL_STORAGE
ADDED from src/main/AndroidManifest.xml:12:5-81
	android:name
		ADDED from src/main/AndroidManifest.xml:12:22-78
uses-permission#android.permission.ACCESS_DOWNLOAD_MANAGER
ADDED from src/main/AndroidManifest.xml:13:5-82
	android:name
		ADDED from src/main/AndroidManifest.xml:13:22-79
uses-permission#android.permission.MOUNT_UNMOUNT_FILESYSTEMS
ADDED from src/main/AndroidManifest.xml:14:5-84
	android:name
		ADDED from src/main/AndroidManifest.xml:14:22-81
application
ADDED from src/main/AndroidManifest.xml:16:5-254:19
MERGED from [com.android.support:appcompat-v7:23.4.0] AndroidManifest.xml:25:5-20
MERGED from [com.android.support:animated-vector-drawable:23.4.0] AndroidManifest.xml:7:5-20
MERGED from [com.android.support:support-vector-drawable:23.4.0] AndroidManifest.xml:7:5-20
MERGED from [com.android.support:support-v4:23.4.0] AndroidManifest.xml:22:5-20
	android:label
		ADDED from src/main/AndroidManifest.xml:19:9-41
	android:allowBackup
		ADDED from src/main/AndroidManifest.xml:17:9-35
	android:icon
		ADDED from src/main/AndroidManifest.xml:18:9-40
	android:theme
		ADDED from src/main/AndroidManifest.xml:21:9-40
	android:logo
		ADDED from src/main/AndroidManifest.xml:20:9-40
activity#com.secuest.dosacitric.MainActivity
ADDED from src/main/AndroidManifest.xml:22:9-31:20
	android:screenOrientation
		ADDED from src/main/AndroidManifest.xml:25:13-49
	android:label
		ADDED from src/main/AndroidManifest.xml:24:13-45
	android:name
		ADDED from src/main/AndroidManifest.xml:23:13-63
intent-filter#android.intent.action.MAIN+android.intent.category.LAUNCHER
ADDED from src/main/AndroidManifest.xml:26:13-30:29
action#android.intent.action.MAIN
ADDED from src/main/AndroidManifest.xml:27:17-69
	android:name
		ADDED from src/main/AndroidManifest.xml:27:25-66
category#android.intent.category.LAUNCHER
ADDED from src/main/AndroidManifest.xml:29:17-77
	android:name
		ADDED from src/main/AndroidManifest.xml:29:27-74
activity#com.secuest.dosacitric.Indice
ADDED from src/main/AndroidManifest.xml:32:9-36:20
	android:screenOrientation
		ADDED from src/main/AndroidManifest.xml:35:13-49
	android:label
		ADDED from src/main/AndroidManifest.xml:34:13-43
	android:name
		ADDED from src/main/AndroidManifest.xml:33:13-34
activity#com.secuest.dosacitric.A_1Activity
ADDED from src/main/AndroidManifest.xml:37:9-42:20
	android:screenOrientation
		ADDED from src/main/AndroidManifest.xml:40:13-49
	android:label
		ADDED from src/main/AndroidManifest.xml:39:13-38
	android:theme
		ADDED from src/main/AndroidManifest.xml:41:13-44
	android:name
		ADDED from src/main/AndroidManifest.xml:38:13-39
activity#com.secuest.dosacitric.A_1_1Activity
ADDED from src/main/AndroidManifest.xml:43:9-48:20
	android:screenOrientation
		ADDED from src/main/AndroidManifest.xml:46:13-49
	android:label
		ADDED from src/main/AndroidManifest.xml:45:13-39
	android:theme
		ADDED from src/main/AndroidManifest.xml:47:13-44
	android:name
		ADDED from src/main/AndroidManifest.xml:44:13-41
activity#com.secuest.dosacitric.A_1_3Activity
ADDED from src/main/AndroidManifest.xml:49:9-54:20
	android:screenOrientation
		ADDED from src/main/AndroidManifest.xml:52:13-49
	android:label
		ADDED from src/main/AndroidManifest.xml:51:13-39
	android:theme
		ADDED from src/main/AndroidManifest.xml:53:13-44
	android:name
		ADDED from src/main/AndroidManifest.xml:50:13-41
activity#com.secuest.dosacitric.B_1Activity
ADDED from src/main/AndroidManifest.xml:55:9-59:20
	android:screenOrientation
		ADDED from src/main/AndroidManifest.xml:58:13-49
	android:label
		ADDED from src/main/AndroidManifest.xml:57:13-39
	android:name
		ADDED from src/main/AndroidManifest.xml:56:13-39
activity#com.secuest.dosacitric.B_2Activity
ADDED from src/main/AndroidManifest.xml:60:9-64:20
	android:screenOrientation
		ADDED from src/main/AndroidManifest.xml:63:13-49
	android:label
		ADDED from src/main/AndroidManifest.xml:62:13-39
	android:name
		ADDED from src/main/AndroidManifest.xml:61:13-39
activity#com.secuest.dosacitric.C_1Activity
ADDED from src/main/AndroidManifest.xml:65:9-69:20
	android:screenOrientation
		ADDED from src/main/AndroidManifest.xml:68:13-49
	android:label
		ADDED from src/main/AndroidManifest.xml:67:13-39
	android:name
		ADDED from src/main/AndroidManifest.xml:66:13-39
activity#com.secuest.dosacitric.C_2Activity
ADDED from src/main/AndroidManifest.xml:70:9-74:20
	android:screenOrientation
		ADDED from src/main/AndroidManifest.xml:73:13-49
	android:label
		ADDED from src/main/AndroidManifest.xml:72:13-46
	android:name
		ADDED from src/main/AndroidManifest.xml:71:13-39
activity#com.secuest.dosacitric.C_3Activity
ADDED from src/main/AndroidManifest.xml:75:9-79:20
	android:screenOrientation
		ADDED from src/main/AndroidManifest.xml:78:13-49
	android:label
		ADDED from src/main/AndroidManifest.xml:77:13-43
	android:name
		ADDED from src/main/AndroidManifest.xml:76:13-39
activity#com.secuest.dosacitric.C_4ZonaAlta
ADDED from src/main/AndroidManifest.xml:80:9-85:20
	android:screenOrientation
		ADDED from src/main/AndroidManifest.xml:83:13-49
	android:label
		ADDED from src/main/AndroidManifest.xml:82:13-39
	android:theme
		ADDED from src/main/AndroidManifest.xml:84:13-45
	android:name
		ADDED from src/main/AndroidManifest.xml:81:13-39
activity#com.secuest.dosacitric.C_4ZonaMedia
ADDED from src/main/AndroidManifest.xml:86:9-91:20
	android:screenOrientation
		ADDED from src/main/AndroidManifest.xml:89:13-49
	android:label
		ADDED from src/main/AndroidManifest.xml:88:13-39
	android:theme
		ADDED from src/main/AndroidManifest.xml:90:13-45
	android:name
		ADDED from src/main/AndroidManifest.xml:87:13-40
activity#com.secuest.dosacitric.C_4ZonaBaja
ADDED from src/main/AndroidManifest.xml:92:9-97:20
	android:screenOrientation
		ADDED from src/main/AndroidManifest.xml:95:13-49
	android:label
		ADDED from src/main/AndroidManifest.xml:94:13-39
	android:theme
		ADDED from src/main/AndroidManifest.xml:96:13-45
	android:name
		ADDED from src/main/AndroidManifest.xml:93:13-39
activity#com.secuest.dosacitric.Resultados1
ADDED from src/main/AndroidManifest.xml:98:9-102:20
	android:screenOrientation
		ADDED from src/main/AndroidManifest.xml:101:13-49
	android:label
		ADDED from src/main/AndroidManifest.xml:100:13-39
	android:name
		ADDED from src/main/AndroidManifest.xml:99:13-39
activity#com.secuest.dosacitric.Resultados2
ADDED from src/main/AndroidManifest.xml:103:9-107:20
	android:screenOrientation
		ADDED from src/main/AndroidManifest.xml:106:13-49
	android:label
		ADDED from src/main/AndroidManifest.xml:105:13-39
	android:name
		ADDED from src/main/AndroidManifest.xml:104:13-39
activity#com.secuest.dosacitric.Resultados3
ADDED from src/main/AndroidManifest.xml:108:9-112:20
	android:screenOrientation
		ADDED from src/main/AndroidManifest.xml:111:13-49
	android:label
		ADDED from src/main/AndroidManifest.xml:110:13-39
	android:name
		ADDED from src/main/AndroidManifest.xml:109:13-39
activity#com.secuest.dosacitric.Ajustes
ADDED from src/main/AndroidManifest.xml:113:9-117:20
	android:screenOrientation
		ADDED from src/main/AndroidManifest.xml:116:13-49
	android:label
		ADDED from src/main/AndroidManifest.xml:115:13-52
	android:name
		ADDED from src/main/AndroidManifest.xml:114:13-35
activity#com.secuest.dosacitric.IngresarBoquillas
ADDED from src/main/AndroidManifest.xml:118:9-122:20
	android:screenOrientation
		ADDED from src/main/AndroidManifest.xml:121:13-49
	android:label
		ADDED from src/main/AndroidManifest.xml:120:13-54
	android:name
		ADDED from src/main/AndroidManifest.xml:119:13-45
activity#com.secuest.dosacitric.MostrarBoquillas
ADDED from src/main/AndroidManifest.xml:123:9-127:20
	android:screenOrientation
		ADDED from src/main/AndroidManifest.xml:126:13-49
	android:label
		ADDED from src/main/AndroidManifest.xml:125:13-53
	android:name
		ADDED from src/main/AndroidManifest.xml:124:13-44
activity#com.secuest.dosacitric.BorrarBoquillas
ADDED from src/main/AndroidManifest.xml:128:9-133:20
	android:screenOrientation
		ADDED from src/main/AndroidManifest.xml:131:13-49
	android:label
		ADDED from src/main/AndroidManifest.xml:130:13-52
	android:theme
		ADDED from src/main/AndroidManifest.xml:132:13-45
	android:name
		ADDED from src/main/AndroidManifest.xml:129:13-43
activity#com.secuest.dosacitric.AyudaIndice
ADDED from src/main/AndroidManifest.xml:134:9-138:20
	android:screenOrientation
		ADDED from src/main/AndroidManifest.xml:137:13-49
	android:label
		ADDED from src/main/AndroidManifest.xml:136:13-34
	android:name
		ADDED from src/main/AndroidManifest.xml:135:13-39
activity#com.secuest.dosacitric.AyudaAjustes
ADDED from src/main/AndroidManifest.xml:139:9-143:20
	android:screenOrientation
		ADDED from src/main/AndroidManifest.xml:142:13-49
	android:label
		ADDED from src/main/AndroidManifest.xml:141:13-34
	android:name
		ADDED from src/main/AndroidManifest.xml:140:13-40
activity#com.secuest.dosacitric.AyudaAjustesInformacion
ADDED from src/main/AndroidManifest.xml:144:9-148:20
	android:screenOrientation
		ADDED from src/main/AndroidManifest.xml:147:13-49
	android:label
		ADDED from src/main/AndroidManifest.xml:146:13-45
	android:name
		ADDED from src/main/AndroidManifest.xml:145:13-51
activity#com.secuest.dosacitric.AyudaA_1Activity
ADDED from src/main/AndroidManifest.xml:149:9-153:20
	android:screenOrientation
		ADDED from src/main/AndroidManifest.xml:152:13-49
	android:label
		ADDED from src/main/AndroidManifest.xml:151:13-34
	android:name
		ADDED from src/main/AndroidManifest.xml:150:13-44
activity#com.secuest.dosacitric.AyudaA_1_1Activity
ADDED from src/main/AndroidManifest.xml:154:9-158:20
	android:screenOrientation
		ADDED from src/main/AndroidManifest.xml:157:13-49
	android:label
		ADDED from src/main/AndroidManifest.xml:156:13-34
	android:name
		ADDED from src/main/AndroidManifest.xml:155:13-46
activity#com.secuest.dosacitric.AyudaA_1_3Activity
ADDED from src/main/AndroidManifest.xml:159:9-163:20
	android:screenOrientation
		ADDED from src/main/AndroidManifest.xml:162:13-49
	android:label
		ADDED from src/main/AndroidManifest.xml:161:13-34
	android:name
		ADDED from src/main/AndroidManifest.xml:160:13-46
activity#com.secuest.dosacitric.AyudaResultados1
ADDED from src/main/AndroidManifest.xml:164:9-168:20
	android:screenOrientation
		ADDED from src/main/AndroidManifest.xml:167:13-49
	android:label
		ADDED from src/main/AndroidManifest.xml:166:13-34
	android:name
		ADDED from src/main/AndroidManifest.xml:165:13-44
activity#com.secuest.dosacitric.AyudaB_1Activity
ADDED from src/main/AndroidManifest.xml:169:9-173:20
	android:screenOrientation
		ADDED from src/main/AndroidManifest.xml:172:13-49
	android:label
		ADDED from src/main/AndroidManifest.xml:171:13-34
	android:name
		ADDED from src/main/AndroidManifest.xml:170:13-44
activity#com.secuest.dosacitric.AyudaB_2Activity
ADDED from src/main/AndroidManifest.xml:174:9-178:20
	android:screenOrientation
		ADDED from src/main/AndroidManifest.xml:177:13-49
	android:label
		ADDED from src/main/AndroidManifest.xml:176:13-34
	android:name
		ADDED from src/main/AndroidManifest.xml:175:13-44
activity#com.secuest.dosacitric.AyudaResultados2
ADDED from src/main/AndroidManifest.xml:179:9-183:20
	android:screenOrientation
		ADDED from src/main/AndroidManifest.xml:182:13-49
	android:label
		ADDED from src/main/AndroidManifest.xml:181:13-34
	android:name
		ADDED from src/main/AndroidManifest.xml:180:13-44
activity#com.secuest.dosacitric.AyudaCatalogosListView
ADDED from src/main/AndroidManifest.xml:184:9-188:20
	android:screenOrientation
		ADDED from src/main/AndroidManifest.xml:187:13-49
	android:label
		ADDED from src/main/AndroidManifest.xml:186:13-34
	android:name
		ADDED from src/main/AndroidManifest.xml:185:13-50
activity#com.secuest.dosacitric.AyudaPresionesListView
ADDED from src/main/AndroidManifest.xml:189:9-193:20
	android:screenOrientation
		ADDED from src/main/AndroidManifest.xml:192:13-49
	android:label
		ADDED from src/main/AndroidManifest.xml:191:13-34
	android:name
		ADDED from src/main/AndroidManifest.xml:190:13-50
activity#com.secuest.dosacitric.AyudaBoquillasListView
ADDED from src/main/AndroidManifest.xml:194:9-198:20
	android:screenOrientation
		ADDED from src/main/AndroidManifest.xml:197:13-49
	android:label
		ADDED from src/main/AndroidManifest.xml:196:13-34
	android:name
		ADDED from src/main/AndroidManifest.xml:195:13-50
activity#com.secuest.dosacitric.AyudaC_1Activity
ADDED from src/main/AndroidManifest.xml:199:9-203:20
	android:screenOrientation
		ADDED from src/main/AndroidManifest.xml:202:13-49
	android:label
		ADDED from src/main/AndroidManifest.xml:201:13-34
	android:name
		ADDED from src/main/AndroidManifest.xml:200:13-44
activity#com.secuest.dosacitric.AyudaC_2Activity
ADDED from src/main/AndroidManifest.xml:204:9-208:20
	android:screenOrientation
		ADDED from src/main/AndroidManifest.xml:207:13-49
	android:label
		ADDED from src/main/AndroidManifest.xml:206:13-34
	android:name
		ADDED from src/main/AndroidManifest.xml:205:13-44
activity#com.secuest.dosacitric.AyudaC_3Activity
ADDED from src/main/AndroidManifest.xml:209:9-213:20
	android:screenOrientation
		ADDED from src/main/AndroidManifest.xml:212:13-49
	android:label
		ADDED from src/main/AndroidManifest.xml:211:13-34
	android:name
		ADDED from src/main/AndroidManifest.xml:210:13-44
activity#com.secuest.dosacitric.AyudaC_4ZonaAlta
ADDED from src/main/AndroidManifest.xml:214:9-218:20
	android:screenOrientation
		ADDED from src/main/AndroidManifest.xml:217:13-49
	android:label
		ADDED from src/main/AndroidManifest.xml:216:13-34
	android:name
		ADDED from src/main/AndroidManifest.xml:215:13-44
activity#com.secuest.dosacitric.AyudaC_4ZonaMedia
ADDED from src/main/AndroidManifest.xml:219:9-223:20
	android:screenOrientation
		ADDED from src/main/AndroidManifest.xml:222:13-49
	android:label
		ADDED from src/main/AndroidManifest.xml:221:13-34
	android:name
		ADDED from src/main/AndroidManifest.xml:220:13-45
activity#com.secuest.dosacitric.AyudaC_4ZonaBaja
ADDED from src/main/AndroidManifest.xml:224:9-228:20
	android:screenOrientation
		ADDED from src/main/AndroidManifest.xml:227:13-49
	android:label
		ADDED from src/main/AndroidManifest.xml:226:13-34
	android:name
		ADDED from src/main/AndroidManifest.xml:225:13-44
activity#com.secuest.dosacitric.AyudaResultados3
ADDED from src/main/AndroidManifest.xml:229:9-233:20
	android:screenOrientation
		ADDED from src/main/AndroidManifest.xml:232:13-49
	android:label
		ADDED from src/main/AndroidManifest.xml:231:13-34
	android:name
		ADDED from src/main/AndroidManifest.xml:230:13-44
activity#com.secuest.dosacitric.CatalogosListView
ADDED from src/main/AndroidManifest.xml:234:9-238:20
	android:screenOrientation
		ADDED from src/main/AndroidManifest.xml:237:13-49
	android:label
		ADDED from src/main/AndroidManifest.xml:236:13-48
	android:name
		ADDED from src/main/AndroidManifest.xml:235:13-45
activity#com.secuest.dosacitric.PresionesListView
ADDED from src/main/AndroidManifest.xml:239:9-243:20
	android:screenOrientation
		ADDED from src/main/AndroidManifest.xml:242:13-49
	android:label
		ADDED from src/main/AndroidManifest.xml:241:13-46
	android:name
		ADDED from src/main/AndroidManifest.xml:240:13-45
activity#com.secuest.dosacitric.BoquillasListView
ADDED from src/main/AndroidManifest.xml:244:9-248:20
	android:screenOrientation
		ADDED from src/main/AndroidManifest.xml:247:13-49
	android:label
		ADDED from src/main/AndroidManifest.xml:246:13-46
	android:name
		ADDED from src/main/AndroidManifest.xml:245:13-45
activity#com.secuest.dosacitric.NoHayBoquillas
ADDED from src/main/AndroidManifest.xml:249:9-253:20
	android:screenOrientation
		ADDED from src/main/AndroidManifest.xml:252:13-49
	android:label
		ADDED from src/main/AndroidManifest.xml:251:13-29
	android:name
		ADDED from src/main/AndroidManifest.xml:250:13-42